
Showing logs for build [32mcarlossg-environment-jx-rocks-u-1[0m stage [32mfrom-build-pack[0m and container [32mstep-credential-initializer-44k26[0m
{"level":"warn","ts":1572947186.713626,"logger":"fallback-logger","caller":"logging/config.go:69","msg":"Fetch GitHub commit ID from kodata failed: \"ref: refs/heads/master\" is not a valid GitHub commit ID"}
{"level":"info","ts":1572947186.714027,"logger":"fallback-logger","caller":"creds-init/main.go:40","msg":"Credentials initialized."}

Showing logs for build [32mcarlossg-environment-jx-rocks-u-1[0m stage [32mfrom-build-pack[0m and container [32mstep-working-dir-initializer-hbqgb[0m
{"level":"warn","ts":1572947187.7245529,"logger":"fallback-logger","caller":"logging/config.go:69","msg":"Fetch GitHub commit ID from kodata failed: open /var/run/ko/HEAD: no such file or directory"}
{"level":"info","ts":1572947187.7300138,"logger":"fallback-logger","caller":"bash/main.go:65","msg":"Successfully executed command \"mkdir -p /workspace/source\""}

Showing logs for build [32mcarlossg-environment-jx-rocks-u-1[0m stage [32mfrom-build-pack[0m and container [32mstep-place-tools[0m

Showing logs for build [32mcarlossg-environment-jx-rocks-u-1[0m stage [32mfrom-build-pack[0m and container [32mstep-git-source-carlossg-environment-jx-rocks-u-ftwd5[0m
{"level":"warn","ts":1572947217.756625,"logger":"fallback-logger","caller":"logging/config.go:69","msg":"Fetch GitHub commit ID from kodata failed: \"ref: refs/heads/master\" is not a valid GitHub commit ID"}
{"level":"info","ts":1572947218.3750546,"logger":"fallback-logger","caller":"git/git.go:102","msg":"Successfully cloned https://github.com/********/environment-**-rocks-us-staging.git @ master in path /workspace/source"}

Showing logs for build [32mcarlossg-environment-jx-rocks-u-1[0m stage [32mfrom-build-pack[0m and container [32mstep-git-merge[0m
Using SHAs from PULL_REFS=master:65a450a10a2d7d0d90c2d2dc374470bc156390fb,1:949ae87e70f28473c7914cf733d8e7f80bc10486
DEBUG: ran git fetch origin 949ae87e70f28473c7914cf733d8e7f80bc10486: 65a450a10a2d7d0d90c2d2dc374470bc156390fb: in 
DEBUG: Unshallowed git repo in 
DEBUG: ran git checkout master in 
DEBUG: ran git reset --hard 65a450a10a2d7d0d90c2d2dc374470bc156390fb in 
DEBUG: ran clean --force -d . in 
DEBUG: ran git merge 949ae87e70f28473c7914cf733d8e7f80bc10486 in 
Merged SHA 949ae87e70f28473c7914cf733d8e7f80bc10486 with commit message 'Promote croc-hunter-java to version 0.0.71' into base branch master

Showing logs for build [32mcarlossg-environment-jx-rocks-u-1[0m stage [32mfrom-build-pack[0m and container [32mstep-build-helm-build[0m
WARNING: No $CHART_REPOSITORY defined so using the default value of: http://jenkins-x-chartmuseum:8080
Adding missing Helm repo: storage.googleapis.com https://storage.googleapis.com/chartmuseum.jenkins-x.io
Successfully added Helm repository storage.googleapis.com.
Adding missing Helm repo: jenkins-x-chartmuseum http://jenkins-x-chartmuseum:8080
Successfully added Helm repository jenkins-x-chartmuseum.
WARNING: No $CHART_REPOSITORY defined so using the default value of: http://jenkins-x-chartmuseum:8080
Adding missing Helm repo: chartmuseum.jenkins-x.io http://chartmuseum.jenkins-x.io
Successfully added Helm repository chartmuseum.jenkins-x.io.
