
Showing logs for build [32mcarlossg-environment-jx-rocks-u-bbgk6-1[0m stage [32mfrom-build-pack[0m and container [32mstep-credential-initializer-z89h4[0m
{"level":"warn","ts":1572960178.9027543,"logger":"fallback-logger","caller":"logging/config.go:69","msg":"Fetch GitHub commit ID from kodata failed: \"ref: refs/heads/master\" is not a valid GitHub commit ID"}
{"level":"info","ts":1572960178.9035742,"logger":"fallback-logger","caller":"creds-init/main.go:40","msg":"Credentials initialized."}

Showing logs for build [32mcarlossg-environment-jx-rocks-u-bbgk6-1[0m stage [32mfrom-build-pack[0m and container [32mstep-working-dir-initializer-x45rq[0m
{"level":"warn","ts":1572960180.204583,"logger":"fallback-logger","caller":"logging/config.go:69","msg":"Fetch GitHub commit ID from kodata failed: open /var/run/ko/HEAD: no such file or directory"}
{"level":"info","ts":1572960180.219369,"logger":"fallback-logger","caller":"bash/main.go:65","msg":"Successfully executed command \"mkdir -p /workspace/source\""}

Showing logs for build [32mcarlossg-environment-jx-rocks-u-bbgk6-1[0m stage [32mfrom-build-pack[0m and container [32mstep-place-tools[0m

Showing logs for build [32mcarlossg-environment-jx-rocks-u-bbgk6-1[0m stage [32mfrom-build-pack[0m and container [32mstep-git-source-carlossg-environment-jx-rocks-u-nbjw2[0m
{"level":"warn","ts":1572960185.2873192,"logger":"fallback-logger","caller":"logging/config.go:69","msg":"Fetch GitHub commit ID from kodata failed: \"ref: refs/heads/master\" is not a valid GitHub commit ID"}
{"level":"info","ts":1572960185.6163497,"logger":"fallback-logger","caller":"git/git.go:102","msg":"Successfully cloned https://github.com/********/environment-**-rocks-us-staging.git @ master in path /workspace/source"}

Showing logs for build [32mcarlossg-environment-jx-rocks-u-bbgk6-1[0m stage [32mfrom-build-pack[0m and container [32mstep-git-merge[0m
Using SHAs from PULL_REFS=master:efabe23833de41750d3b12b5ea27a40079199bce,3:18fe504abdfc957cd6cafff305703fe25dbfe963
DEBUG: ran git fetch origin 18fe504abdfc957cd6cafff305703fe25dbfe963: efabe23833de41750d3b12b5ea27a40079199bce: in 
DEBUG: Unshallowed git repo in 
DEBUG: ran git checkout master in 
DEBUG: ran git reset --hard efabe23833de41750d3b12b5ea27a40079199bce in 
DEBUG: ran clean --force -d . in 
DEBUG: ran git merge 18fe504abdfc957cd6cafff305703fe25dbfe963 in 
Merged SHA 18fe504abdfc957cd6cafff305703fe25dbfe963 with commit message 'Promote croc-hunter-java to version 0.0.73' into base branch master

Showing logs for build [32mcarlossg-environment-jx-rocks-u-bbgk6-1[0m stage [32mfrom-build-pack[0m and container [32mstep-build-helm-build[0m
WARNING: No $CHART_REPOSITORY defined so using the default value of: http://jenkins-x-chartmuseum:8080
Adding missing Helm repo: storage.googleapis.com https://storage.googleapis.com/chartmuseum.jenkins-x.io
Successfully added Helm repository storage.googleapis.com.
Adding missing Helm repo: jenkins-x-chartmuseum http://jenkins-x-chartmuseum:8080
Successfully added Helm repository jenkins-x-chartmuseum.
WARNING: No $CHART_REPOSITORY defined so using the default value of: http://jenkins-x-chartmuseum:8080
Adding missing Helm repo: chartmuseum.jenkins-x.io http://chartmuseum.jenkins-x.io
Successfully added Helm repository chartmuseum.jenkins-x.io.
