
Showing logs for build [32mcarlossg-environment-jx-rocks-u-qqb2h-1[0m stage [32mfrom-build-pack[0m and container [32mstep-credential-initializer-jstpq[0m
{"level":"warn","ts":1572959311.3418796,"logger":"fallback-logger","caller":"logging/config.go:69","msg":"Fetch GitHub commit ID from kodata failed: \"ref: refs/heads/master\" is not a valid GitHub commit ID"}
{"level":"info","ts":1572959311.342462,"logger":"fallback-logger","caller":"creds-init/main.go:40","msg":"Credentials initialized."}

Showing logs for build [32mcarlossg-environment-jx-rocks-u-qqb2h-1[0m stage [32mfrom-build-pack[0m and container [32mstep-working-dir-initializer-wvjfb[0m
{"level":"warn","ts":1572959312.056221,"logger":"fallback-logger","caller":"logging/config.go:69","msg":"Fetch GitHub commit ID from kodata failed: open /var/run/ko/HEAD: no such file or directory"}
{"level":"info","ts":1572959312.0582569,"logger":"fallback-logger","caller":"bash/main.go:65","msg":"Successfully executed command \"mkdir -p /workspace/source\""}

Showing logs for build [32mcarlossg-environment-jx-rocks-u-qqb2h-1[0m stage [32mfrom-build-pack[0m and container [32mstep-place-tools[0m

Showing logs for build [32mcarlossg-environment-jx-rocks-u-qqb2h-1[0m stage [32mfrom-build-pack[0m and container [32mstep-git-source-carlossg-environment-jx-rocks-u-xhqh4[0m
{"level":"warn","ts":1572959337.2113945,"logger":"fallback-logger","caller":"logging/config.go:69","msg":"Fetch GitHub commit ID from kodata failed: \"ref: refs/heads/master\" is not a valid GitHub commit ID"}
{"level":"info","ts":1572959337.801935,"logger":"fallback-logger","caller":"git/git.go:102","msg":"Successfully cloned https://github.com/********/environment-**-rocks-us-staging.git @ master in path /workspace/source"}

Showing logs for build [32mcarlossg-environment-jx-rocks-u-qqb2h-1[0m stage [32mfrom-build-pack[0m and container [32mstep-git-merge[0m
Using SHAs from PULL_REFS=master:aa4cf99c419a7c08d4612bcd1c304919891b3c26,2:83e90311aff012388ce77e2662def91cfcfbfafb
DEBUG: ran git fetch origin 83e90311aff012388ce77e2662def91cfcfbfafb: aa4cf99c419a7c08d4612bcd1c304919891b3c26: in 
DEBUG: Unshallowed git repo in 
DEBUG: ran git checkout master in 
DEBUG: ran git reset --hard aa4cf99c419a7c08d4612bcd1c304919891b3c26 in 
DEBUG: ran clean --force -d . in 
DEBUG: ran git merge 83e90311aff012388ce77e2662def91cfcfbfafb in 
Merged SHA 83e90311aff012388ce77e2662def91cfcfbfafb with commit message 'Promote croc-hunter-java to version 0.0.72' into base branch master

Showing logs for build [32mcarlossg-environment-jx-rocks-u-qqb2h-1[0m stage [32mfrom-build-pack[0m and container [32mstep-build-helm-build[0m
WARNING: No $CHART_REPOSITORY defined so using the default value of: http://jenkins-x-chartmuseum:8080
Adding missing Helm repo: storage.googleapis.com https://storage.googleapis.com/chartmuseum.jenkins-x.io
Successfully added Helm repository storage.googleapis.com.
Adding missing Helm repo: jenkins-x-chartmuseum http://jenkins-x-chartmuseum:8080
Successfully added Helm repository jenkins-x-chartmuseum.
WARNING: No $CHART_REPOSITORY defined so using the default value of: http://jenkins-x-chartmuseum:8080
Adding missing Helm repo: chartmuseum.jenkins-x.io http://chartmuseum.jenkins-x.io
Successfully added Helm repository chartmuseum.jenkins-x.io.
