
Showing logs for build [32mcarlossg-environment-jx-rocks-u-sxccr-1[0m stage [32mfrom-build-pack[0m and container [32mstep-credential-initializer-58sqz[0m
{"level":"warn","ts":1573651504.3685138,"logger":"fallback-logger","caller":"logging/config.go:69","msg":"Fetch GitHub commit ID from kodata failed: \"ref: refs/heads/master\" is not a valid GitHub commit ID"}
{"level":"info","ts":1573651504.3702166,"logger":"fallback-logger","caller":"creds-init/main.go:40","msg":"Credentials initialized."}

Showing logs for build [32mcarlossg-environment-jx-rocks-u-sxccr-1[0m stage [32mfrom-build-pack[0m and container [32mstep-working-dir-initializer-lx2mc[0m
{"level":"warn","ts":1573651505.7581222,"logger":"fallback-logger","caller":"logging/config.go:69","msg":"Fetch GitHub commit ID from kodata failed: open /var/run/ko/HEAD: no such file or directory"}
{"level":"info","ts":1573651505.7604094,"logger":"fallback-logger","caller":"bash/main.go:65","msg":"Successfully executed command \"mkdir -p /workspace/source\""}

Showing logs for build [32mcarlossg-environment-jx-rocks-u-sxccr-1[0m stage [32mfrom-build-pack[0m and container [32mstep-place-tools[0m

Showing logs for build [32mcarlossg-environment-jx-rocks-u-sxccr-1[0m stage [32mfrom-build-pack[0m and container [32mstep-git-source-carlossg-environment-jx-rocks-u-ggpnp[0m
{"level":"warn","ts":1573651537.002086,"logger":"fallback-logger","caller":"logging/config.go:69","msg":"Fetch GitHub commit ID from kodata failed: \"ref: refs/heads/master\" is not a valid GitHub commit ID"}
{"level":"info","ts":1573651537.534986,"logger":"fallback-logger","caller":"git/git.go:102","msg":"Successfully cloned https://github.com/********/environment-**-rocks-us-staging.git @ master in path /workspace/source"}

Showing logs for build [32mcarlossg-environment-jx-rocks-u-sxccr-1[0m stage [32mfrom-build-pack[0m and container [32mstep-git-merge[0m
Using SHAs from PULL_REFS=master:13a6730e74a936b4c1f7c2d1254ef0216467f956,5:4111e6939c440ea646123d65ba1e037b00c6fa82
DEBUG: ran git fetch origin 4111e6939c440ea646123d65ba1e037b00c6fa82: 13a6730e74a936b4c1f7c2d1254ef0216467f956: in 
DEBUG: Unshallowed git repo in 
DEBUG: ran git checkout master in 
DEBUG: ran git reset --hard 13a6730e74a936b4c1f7c2d1254ef0216467f956 in 
DEBUG: ran clean --force -d . in 
DEBUG: ran git merge 4111e6939c440ea646123d65ba1e037b00c6fa82 in 
Merged SHA 4111e6939c440ea646123d65ba1e037b00c6fa82 with commit message 'Promote croc-hunter-java to version 0.0.75' into base branch master

Showing logs for build [32mcarlossg-environment-jx-rocks-u-sxccr-1[0m stage [32mfrom-build-pack[0m and container [32mstep-build-helm-build[0m
WARNING: No $CHART_REPOSITORY defined so using the default value of: http://jenkins-x-chartmuseum:8080
Adding missing Helm repo: storage.googleapis.com https://storage.googleapis.com/chartmuseum.jenkins-x.io
Successfully added Helm repository storage.googleapis.com.
Adding missing Helm repo: jenkins-x-chartmuseum http://jenkins-x-chartmuseum:8080
Successfully added Helm repository jenkins-x-chartmuseum.
WARNING: No $CHART_REPOSITORY defined so using the default value of: http://jenkins-x-chartmuseum:8080
Adding missing Helm repo: chartmuseum.jenkins-x.io http://chartmuseum.jenkins-x.io
Successfully added Helm repository chartmuseum.jenkins-x.io.
