
Showing logs for build [32mcarlossg-environment-jx-rocks-u-wwbsx-1[0m stage [32mfrom-build-pack[0m and container [32mstep-credential-initializer-cmnzq[0m
{"level":"warn","ts":1574581206.177816,"logger":"fallback-logger","caller":"logging/config.go:69","msg":"Fetch GitHub commit ID from kodata failed: \"ref: refs/heads/master\" is not a valid GitHub commit ID"}
{"level":"info","ts":1574581206.1787,"logger":"fallback-logger","caller":"creds-init/main.go:40","msg":"Credentials initialized."}

Showing logs for build [32mcarlossg-environment-jx-rocks-u-wwbsx-1[0m stage [32mfrom-build-pack[0m and container [32mstep-working-dir-initializer-wrn6q[0m
{"level":"warn","ts":1574581207.2001023,"logger":"fallback-logger","caller":"logging/config.go:69","msg":"Fetch GitHub commit ID from kodata failed: open /var/run/ko/HEAD: no such file or directory"}
{"level":"info","ts":1574581207.201362,"logger":"fallback-logger","caller":"bash/main.go:65","msg":"Successfully executed command \"mkdir -p /workspace/source\""}

Showing logs for build [32mcarlossg-environment-jx-rocks-u-wwbsx-1[0m stage [32mfrom-build-pack[0m and container [32mstep-place-tools[0m

Showing logs for build [32mcarlossg-environment-jx-rocks-u-wwbsx-1[0m stage [32mfrom-build-pack[0m and container [32mstep-git-source-carlossg-environment-jx-rocks-u-v89h5[0m
{"level":"warn","ts":1574581236.4144578,"logger":"fallback-logger","caller":"logging/config.go:69","msg":"Fetch GitHub commit ID from kodata failed: \"ref: refs/heads/master\" is not a valid GitHub commit ID"}
{"level":"info","ts":1574581236.965573,"logger":"fallback-logger","caller":"git/git.go:102","msg":"Successfully cloned https://github.com/********/environment-**-rocks-us-staging.git @ master in path /workspace/source"}

Showing logs for build [32mcarlossg-environment-jx-rocks-u-wwbsx-1[0m stage [32mfrom-build-pack[0m and container [32mstep-git-merge[0m
Using SHAs from PULL_REFS=master:e6b7567f1a565d0ae3e3513449cb3c7dd9a31909,7:424348272a315dc90788a3dd8c6be00d4c88c7de
DEBUG: ran git fetch origin 424348272a315dc90788a3dd8c6be00d4c88c7de: e6b7567f1a565d0ae3e3513449cb3c7dd9a31909: in 
DEBUG: Unshallowed git repo in 
DEBUG: ran git checkout master in 
DEBUG: ran git reset --hard e6b7567f1a565d0ae3e3513449cb3c7dd9a31909 in 
DEBUG: ran clean --force -d . in 
DEBUG: ran git merge 424348272a315dc90788a3dd8c6be00d4c88c7de in 
Merged SHA 424348272a315dc90788a3dd8c6be00d4c88c7de with commit message 'Promote croc-hunter-java to version 0.0.77' into base branch master

Showing logs for build [32mcarlossg-environment-jx-rocks-u-wwbsx-1[0m stage [32mfrom-build-pack[0m and container [32mstep-build-helm-build[0m
WARNING: No $CHART_REPOSITORY defined so using the default value of: http://jenkins-x-chartmuseum:8080
Adding missing Helm repo: storage.googleapis.com https://storage.googleapis.com/chartmuseum.jenkins-x.io
Successfully added Helm repository storage.googleapis.com.
Adding missing Helm repo: jenkins-x-chartmuseum http://jenkins-x-chartmuseum:8080
Successfully added Helm repository jenkins-x-chartmuseum.
WARNING: No $CHART_REPOSITORY defined so using the default value of: http://jenkins-x-chartmuseum:8080
Adding missing Helm repo: chartmuseum.jenkins-x.io http://chartmuseum.jenkins-x.io
Successfully added Helm repository chartmuseum.jenkins-x.io.
