
Showing logs for build [32mcarlossg-environment-jx-rocks-u-565k5-1[0m stage [32mfrom-build-pack[0m and container [32mstep-credential-initializer-f4dsw[0m
{"level":"warn","ts":1572966239.9875817,"logger":"fallback-logger","caller":"logging/config.go:69","msg":"Fetch GitHub commit ID from kodata failed: \"ref: refs/heads/master\" is not a valid GitHub commit ID"}
{"level":"info","ts":1572966239.9885454,"logger":"fallback-logger","caller":"creds-init/main.go:40","msg":"Credentials initialized."}

Showing logs for build [32mcarlossg-environment-jx-rocks-u-565k5-1[0m stage [32mfrom-build-pack[0m and container [32mstep-working-dir-initializer-kd5rf[0m
{"level":"warn","ts":1572966240.8988664,"logger":"fallback-logger","caller":"logging/config.go:69","msg":"Fetch GitHub commit ID from kodata failed: open /var/run/ko/HEAD: no such file or directory"}
{"level":"info","ts":1572966240.9008873,"logger":"fallback-logger","caller":"bash/main.go:65","msg":"Successfully executed command \"mkdir -p /workspace/source\""}

Showing logs for build [32mcarlossg-environment-jx-rocks-u-565k5-1[0m stage [32mfrom-build-pack[0m and container [32mstep-place-tools[0m

Showing logs for build [32mcarlossg-environment-jx-rocks-u-565k5-1[0m stage [32mfrom-build-pack[0m and container [32mstep-git-source-carlossg-environment-jx-rocks-u-p7wmc[0m
{"level":"warn","ts":1572966244.9647224,"logger":"fallback-logger","caller":"logging/config.go:69","msg":"Fetch GitHub commit ID from kodata failed: \"ref: refs/heads/master\" is not a valid GitHub commit ID"}
{"level":"info","ts":1572966245.3329291,"logger":"fallback-logger","caller":"git/git.go:102","msg":"Successfully cloned https://github.com/********/environment-**-rocks-us-staging.git @ master in path /workspace/source"}

Showing logs for build [32mcarlossg-environment-jx-rocks-u-565k5-1[0m stage [32mfrom-build-pack[0m and container [32mstep-git-merge[0m
Using SHAs from PULL_REFS=master:e5ad1720f237b3c45555a24cc7f7855cc69f8138,4:7a68a6d0ec694cf89b9550dc4d1171db227c8ddd
DEBUG: ran git fetch --unshallow origin 7a68a6d0ec694cf89b9550dc4d1171db227c8ddd: e5ad1720f237b3c45555a24cc7f7855cc69f8138: in 
DEBUG: ran git checkout master in 
DEBUG: ran git reset --hard e5ad1720f237b3c45555a24cc7f7855cc69f8138 in 
DEBUG: ran clean --force -d . in 
DEBUG: ran git merge 7a68a6d0ec694cf89b9550dc4d1171db227c8ddd in 
Merged SHA 7a68a6d0ec694cf89b9550dc4d1171db227c8ddd with commit message 'Promote croc-hunter-java to version 0.0.74' into base branch master

Showing logs for build [32mcarlossg-environment-jx-rocks-u-565k5-1[0m stage [32mfrom-build-pack[0m and container [32mstep-build-helm-build[0m
WARNING: No $CHART_REPOSITORY defined so using the default value of: http://jenkins-x-chartmuseum:8080
Adding missing Helm repo: storage.googleapis.com https://storage.googleapis.com/chartmuseum.jenkins-x.io
Successfully added Helm repository storage.googleapis.com.
Adding missing Helm repo: jenkins-x-chartmuseum http://jenkins-x-chartmuseum:8080
Successfully added Helm repository jenkins-x-chartmuseum.
WARNING: No $CHART_REPOSITORY defined so using the default value of: http://jenkins-x-chartmuseum:8080
Adding missing Helm repo: chartmuseum.jenkins-x.io http://chartmuseum.jenkins-x.io
Successfully added Helm repository chartmuseum.jenkins-x.io.
