
Showing logs for build [32mcarlossg-environment-jx-rocks-u-mrvpb-5[0m stage [32mfrom-build-pack[0m and container [32mstep-credential-initializer-9dqlt[0m
{"level":"warn","ts":1573651519.4939008,"logger":"fallback-logger","caller":"logging/config.go:69","msg":"Fetch GitHub commit ID from kodata failed: \"ref: refs/heads/master\" is not a valid GitHub commit ID"}
{"level":"info","ts":1573651519.4943283,"logger":"fallback-logger","caller":"creds-init/main.go:40","msg":"Credentials initialized."}

Showing logs for build [32mcarlossg-environment-jx-rocks-u-mrvpb-5[0m stage [32mfrom-build-pack[0m and container [32mstep-working-dir-initializer-4qz75[0m
{"level":"warn","ts":1573651520.762587,"logger":"fallback-logger","caller":"logging/config.go:69","msg":"Fetch GitHub commit ID from kodata failed: open /var/run/ko/HEAD: no such file or directory"}
{"level":"info","ts":1573651520.9598994,"logger":"fallback-logger","caller":"bash/main.go:65","msg":"Successfully executed command \"mkdir -p /workspace/source\""}

Showing logs for build [32mcarlossg-environment-jx-rocks-u-mrvpb-5[0m stage [32mfrom-build-pack[0m and container [32mstep-place-tools[0m

Showing logs for build [32mcarlossg-environment-jx-rocks-u-mrvpb-5[0m stage [32mfrom-build-pack[0m and container [32mstep-git-source-carlossg-environment-jx-rocks-u-6dn2q[0m
{"level":"warn","ts":1573651537.0840445,"logger":"fallback-logger","caller":"logging/config.go:69","msg":"Fetch GitHub commit ID from kodata failed: \"ref: refs/heads/master\" is not a valid GitHub commit ID"}
{"level":"info","ts":1573651538.5945337,"logger":"fallback-logger","caller":"git/git.go:102","msg":"Successfully cloned https://github.com/********/environment-**-rocks-us-staging.git @ v0.0.5 in path /workspace/source"}

Showing logs for build [32mcarlossg-environment-jx-rocks-u-mrvpb-5[0m stage [32mfrom-build-pack[0m and container [32mstep-git-merge[0m
Using SHAs from PULL_REFS=master:2bb012fd9773d54052e51db15a25dc5931b30158
WARNING: no SHAs to merge, falling back to initial cloned commit

Showing logs for build [32mcarlossg-environment-jx-rocks-u-mrvpb-5[0m stage [32mfrom-build-pack[0m and container [32mstep-setup-jx-git-credentials[0m
Generated Git credentials file /builder/home/git/credentials

Showing logs for build [32mcarlossg-environment-jx-rocks-u-mrvpb-5[0m stage [32mfrom-build-pack[0m and container [32mstep-build-helm-apply[0m
Modified file /workspace/source/env/Chart.yaml to set the chart to version 5
Cloning the Jenkins X versions repo https://github.com/jenkins-x/jenkins-x-versions.git with ref refs/heads/master to /builder/home/.**/jenkins-x-versions
Ignoring templates/.gitignore
Ignoring templates/wildcardcert-secret.yaml
WARNING: No $CHART_REPOSITORY defined so using the default value of: http://jenkins-x-chartmuseum:8080
Adding missing Helm repo: storage.googleapis.com https://storage.googleapis.com/chartmuseum.jenkins-x.io
Successfully added Helm repository storage.googleapis.com.
Adding missing Helm repo: jenkins-x-chartmuseum http://jenkins-x-chartmuseum:8080
Successfully added Helm repository jenkins-x-chartmuseum.
WARNING: No $CHART_REPOSITORY defined so using the default value of: http://jenkins-x-chartmuseum:8080
Adding missing Helm repo: chartmuseum.jenkins-x.io http://chartmuseum.jenkins-x.io
Successfully added Helm repository chartmuseum.jenkins-x.io.


release.jenkins.io "croc-hunter-java-0.0.74" deleted
