
Showing logs for build [32mcarlossg-environment-jx-rocks-u-b2ps2-8[0m stage [32mfrom-build-pack[0m and container [32mstep-credential-initializer-wnqqx[0m
{"level":"warn","ts":1574678522.975912,"logger":"fallback-logger","caller":"logging/config.go:69","msg":"Fetch GitHub commit ID from kodata failed: \"ref: refs/heads/master\" is not a valid GitHub commit ID"}
{"level":"info","ts":1574678523.0085473,"logger":"fallback-logger","caller":"creds-init/main.go:40","msg":"Credentials initialized."}

Showing logs for build [32mcarlossg-environment-jx-rocks-u-b2ps2-8[0m stage [32mfrom-build-pack[0m and container [32mstep-working-dir-initializer-9cqsm[0m
{"level":"warn","ts":1574678523.9620485,"logger":"fallback-logger","caller":"logging/config.go:69","msg":"Fetch GitHub commit ID from kodata failed: open /var/run/ko/HEAD: no such file or directory"}
{"level":"info","ts":1574678523.9652622,"logger":"fallback-logger","caller":"bash/main.go:65","msg":"Successfully executed command \"mkdir -p /workspace/source\""}

Showing logs for build [32mcarlossg-environment-jx-rocks-u-b2ps2-8[0m stage [32mfrom-build-pack[0m and container [32mstep-place-tools[0m

Showing logs for build [32mcarlossg-environment-jx-rocks-u-b2ps2-8[0m stage [32mfrom-build-pack[0m and container [32mstep-git-source-carlossg-environment-jx-rocks-u-cpmw6[0m
{"level":"warn","ts":1574678530.0192277,"logger":"fallback-logger","caller":"logging/config.go:69","msg":"Fetch GitHub commit ID from kodata failed: \"ref: refs/heads/master\" is not a valid GitHub commit ID"}
{"level":"info","ts":1574678530.3863585,"logger":"fallback-logger","caller":"git/git.go:102","msg":"Successfully cloned https://github.com/********/environment-**-rocks-us-staging.git @ v0.0.8 in path /workspace/source"}

Showing logs for build [32mcarlossg-environment-jx-rocks-u-b2ps2-8[0m stage [32mfrom-build-pack[0m and container [32mstep-git-merge[0m
Using SHAs from PULL_REFS=master:f549b2e5fc15820816577c1724295a9d9a40e2da
WARNING: no SHAs to merge, falling back to initial cloned commit

Showing logs for build [32mcarlossg-environment-jx-rocks-u-b2ps2-8[0m stage [32mfrom-build-pack[0m and container [32mstep-setup-jx-git-credentials[0m
Generated Git credentials file /builder/home/git/credentials

Showing logs for build [32mcarlossg-environment-jx-rocks-u-b2ps2-8[0m stage [32mfrom-build-pack[0m and container [32mstep-build-helm-apply[0m
Modified file /workspace/source/env/Chart.yaml to set the chart to version 8
Cloning the Jenkins X versions repo https://github.com/jenkins-x/jenkins-x-versions.git with ref refs/heads/master to /builder/home/.**/jenkins-x-versions
Ignoring templates/.gitignore
Ignoring templates/wildcardcert-secret.yaml
WARNING: No $CHART_REPOSITORY defined so using the default value of: http://jenkins-x-chartmuseum:8080
Adding missing Helm repo: storage.googleapis.com https://storage.googleapis.com/chartmuseum.jenkins-x.io
Successfully added Helm repository storage.googleapis.com.
Adding missing Helm repo: jenkins-x-chartmuseum http://jenkins-x-chartmuseum:8080
Successfully added Helm repository jenkins-x-chartmuseum.
WARNING: No $CHART_REPOSITORY defined so using the default value of: http://jenkins-x-chartmuseum:8080
Adding missing Helm repo: chartmuseum.jenkins-x.io http://chartmuseum.jenkins-x.io
Successfully added Helm repository chartmuseum.jenkins-x.io.


release.jenkins.io "croc-hunter-java-0.0.77" deleted
